<?xml version="1.0" encoding="UTF-8"?>
<coverage generated="1667811856926" clover="3.2.0">
  <project timestamp="1667811856926" name="All files">
    <metrics statements="34" coveredstatements="33" conditionals="14" coveredconditionals="14" methods="7" coveredmethods="7" elements="55" coveredelements="54" complexity="0" loc="34" ncloc="34" packages="1" files="1" classes="1"/>
    <file name="sandbox2.js" path="C:\Users\SZ-Agent\Desktop\Projects\music\sandboxJest\sandbox2.js">
      <metrics statements="34" coveredstatements="33" conditionals="14" coveredconditionals="14" methods="7" coveredmethods="7"/>
      <line num="1" count="1" type="stmt"/>
      <line num="2" count="1" type="stmt"/>
      <line num="3" count="3" type="stmt"/>
      <line num="4" count="8" type="stmt"/>
      <line num="5" count="9" type="cond" truecount="2" falsecount="0"/>
      <line num="6" count="1" type="stmt"/>
      <line num="10" count="2" type="stmt"/>
      <line num="12" count="1" type="stmt"/>
      <line num="14" count="4" type="stmt"/>
      <line num="15" count="4" type="stmt"/>
      <line num="17" count="0" type="stmt"/>
      <line num="19" count="4" type="stmt"/>
      <line num="22" count="1" type="stmt"/>
      <line num="23" count="3" type="cond" truecount="2" falsecount="0"/>
      <line num="24" count="1" type="stmt"/>
      <line num="25" count="2" type="cond" truecount="2" falsecount="0"/>
      <line num="26" count="1" type="stmt"/>
      <line num="27" count="1" type="stmt"/>
      <line num="28" count="1" type="stmt"/>
      <line num="30" count="1" type="stmt"/>
      <line num="33" count="1" type="stmt"/>
      <line num="34" count="2" type="cond" truecount="4" falsecount="0"/>
      <line num="35" count="1" type="stmt"/>
      <line num="37" count="1" type="stmt"/>
      <line num="38" count="1" type="stmt"/>
      <line num="42" count="1" type="stmt"/>
      <line num="43" count="2" type="cond" truecount="2" falsecount="0"/>
      <line num="44" count="1" type="stmt"/>
      <line num="46" count="1" type="stmt"/>
      <line num="50" count="1" type="stmt"/>
      <line num="51" count="2" type="cond" truecount="2" falsecount="0"/>
      <line num="52" count="1" type="stmt"/>
      <line num="54" count="2" type="stmt"/>
      <line num="58" count="1" type="stmt"/>
    </file>
  </project>
</coverage>
