{"C:\\Users\\SZ-Agent\\Desktop\\Projects\\music\\sandboxJest\\sandbox2.js": {"path":"C:\\Users\\SZ-Agent\\Desktop\\Projects\\music\\sandboxJest\\sandbox2.js","statementMap":{"0":{"start":{"line":1,"column":14},"end":{"line":1,"column":30}},"1":{"start":{"line":2,"column":15},"end":{"line":11,"column":4}},"2":{"start":{"line":3,"column":4},"end":{"line":9,"column":5}},"3":{"start":{"line":3,"column":17},"end":{"line":3,"column":18}},"4":{"start":{"line":4,"column":4},"end":{"line":8,"column":5}},"5":{"start":{"line":4,"column":16},"end":{"line":4,"column":21}},"6":{"start":{"line":5,"column":4},"end":{"line":7,"column":5}},"7":{"start":{"line":6,"column":4},"end":{"line":6,"column":17}},"8":{"start":{"line":10,"column":4},"end":{"line":10,"column":11}},"9":{"start":{"line":12,"column":24},"end":{"line":20,"column":4}},"10":{"start":{"line":14,"column":4},"end":{"line":18,"column":5}},"11":{"start":{"line":15,"column":4},"end":{"line":15,"column":76}},"12":{"start":{"line":17,"column":4},"end":{"line":17,"column":49}},"13":{"start":{"line":19,"column":4},"end":{"line":19,"column":23}},"14":{"start":{"line":22,"column":33},"end":{"line":32,"column":4}},"15":{"start":{"line":23,"column":4},"end":{"line":31,"column":5}},"16":{"start":{"line":24,"column":4},"end":{"line":24,"column":37}},"17":{"start":{"line":25,"column":11},"end":{"line":31,"column":5}},"18":{"start":{"line":26,"column":18},"end":{"line":26,"column":45}},"19":{"start":{"line":27,"column":4},"end":{"line":27,"column":25}},"20":{"start":{"line":28,"column":4},"end":{"line":28,"column":15}},"21":{"start":{"line":30,"column":4},"end":{"line":30,"column":70}},"22":{"start":{"line":33,"column":26},"end":{"line":40,"column":4}},"23":{"start":{"line":34,"column":4},"end":{"line":39,"column":5}},"24":{"start":{"line":35,"column":4},"end":{"line":35,"column":55}},"25":{"start":{"line":37,"column":4},"end":{"line":37,"column":26}},"26":{"start":{"line":38,"column":4},"end":{"line":38,"column":14}},"27":{"start":{"line":42,"column":21},"end":{"line":48,"column":4}},"28":{"start":{"line":43,"column":4},"end":{"line":47,"column":5}},"29":{"start":{"line":44,"column":4},"end":{"line":44,"column":37}},"30":{"start":{"line":46,"column":4},"end":{"line":46,"column":21}},"31":{"start":{"line":50,"column":26},"end":{"line":56,"column":4}},"32":{"start":{"line":51,"column":4},"end":{"line":55,"column":5}},"33":{"start":{"line":52,"column":4},"end":{"line":52,"column":43}},"34":{"start":{"line":54,"column":4},"end":{"line":54,"column":49}},"35":{"start":{"line":54,"column":29},"end":{"line":54,"column":47}},"36":{"start":{"line":58,"column":3},"end":{"line":65,"column":4}}},"fnMap":{"0":{"name":"(anonymous_0)","decl":{"start":{"line":2,"column":15},"end":{"line":2,"column":16}},"loc":{"start":{"line":2,"column":33},"end":{"line":11,"column":4}},"line":2},"1":{"name":"(anonymous_1)","decl":{"start":{"line":12,"column":24},"end":{"line":12,"column":25}},"loc":{"start":{"line":12,"column":36},"end":{"line":20,"column":4}},"line":12},"2":{"name":"(anonymous_2)","decl":{"start":{"line":22,"column":33},"end":{"line":22,"column":34}},"loc":{"start":{"line":22,"column":58},"end":{"line":32,"column":4}},"line":22},"3":{"name":"(anonymous_3)","decl":{"start":{"line":33,"column":26},"end":{"line":33,"column":27}},"loc":{"start":{"line":33,"column":52},"end":{"line":40,"column":4}},"line":33},"4":{"name":"(anonymous_4)","decl":{"start":{"line":42,"column":21},"end":{"line":42,"column":22}},"loc":{"start":{"line":42,"column":30},"end":{"line":48,"column":4}},"line":42},"5":{"name":"(anonymous_5)","decl":{"start":{"line":50,"column":26},"end":{"line":50,"column":27}},"loc":{"start":{"line":50,"column":37},"end":{"line":56,"column":4}},"line":50},"6":{"name":"(anonymous_6)","decl":{"start":{"line":54,"column":21},"end":{"line":54,"column":22}},"loc":{"start":{"line":54,"column":29},"end":{"line":54,"column":47}},"line":54}},"branchMap":{"0":{"loc":{"start":{"line":5,"column":4},"end":{"line":7,"column":5}},"type":"if","locations":[{"start":{"line":5,"column":4},"end":{"line":7,"column":5}},{"start":{},"end":{}}],"line":5},"1":{"loc":{"start":{"line":23,"column":4},"end":{"line":31,"column":5}},"type":"if","locations":[{"start":{"line":23,"column":4},"end":{"line":31,"column":5}},{"start":{"line":25,"column":11},"end":{"line":31,"column":5}}],"line":23},"2":{"loc":{"start":{"line":25,"column":11},"end":{"line":31,"column":5}},"type":"if","locations":[{"start":{"line":25,"column":11},"end":{"line":31,"column":5}},{"start":{"line":29,"column":11},"end":{"line":31,"column":5}}],"line":25},"3":{"loc":{"start":{"line":34,"column":4},"end":{"line":39,"column":5}},"type":"if","locations":[{"start":{"line":34,"column":4},"end":{"line":39,"column":5}},{"start":{"line":36,"column":11},"end":{"line":39,"column":5}}],"line":34},"4":{"loc":{"start":{"line":34,"column":8},"end":{"line":34,"column":27}},"type":"binary-expr","locations":[{"start":{"line":34,"column":8},"end":{"line":34,"column":17}},{"start":{"line":34,"column":21},"end":{"line":34,"column":27}}],"line":34},"5":{"loc":{"start":{"line":43,"column":4},"end":{"line":47,"column":5}},"type":"if","locations":[{"start":{"line":43,"column":4},"end":{"line":47,"column":5}},{"start":{"line":45,"column":11},"end":{"line":47,"column":5}}],"line":43},"6":{"loc":{"start":{"line":51,"column":4},"end":{"line":55,"column":5}},"type":"if","locations":[{"start":{"line":51,"column":4},"end":{"line":55,"column":5}},{"start":{"line":53,"column":11},"end":{"line":55,"column":5}}],"line":51}},"s":{"0":1,"1":1,"2":3,"3":3,"4":8,"5":8,"6":9,"7":1,"8":2,"9":1,"10":4,"11":4,"12":0,"13":4,"14":1,"15":3,"16":1,"17":2,"18":1,"19":1,"20":1,"21":1,"22":1,"23":2,"24":1,"25":1,"26":1,"27":1,"28":2,"29":1,"30":1,"31":1,"32":2,"33":1,"34":1,"35":2,"36":1},"f":{"0":3,"1":4,"2":3,"3":2,"4":2,"5":2,"6":2},"b":{"0":[1,8],"1":[1,2],"2":[1,1],"3":[1,1],"4":[2,1],"5":[1,1],"6":[1,1]},"_coverageSchema":"1a1c01bbd47fc00a2c39e90264f33305004495a9","hash":"3b5032f10d847f6bfc3b4bbb7e71c36b93d4dc55"}
}
