TN:
SF:sandboxJest\sandbox2.js
FN:2,(anonymous_0)
FN:12,(anonymous_1)
FN:22,(anonymous_2)
FN:33,(anonymous_3)
FN:42,(anonymous_4)
FN:50,(anonymous_5)
FN:54,(anonymous_6)
FNF:7
FNH:7
FNDA:3,(anonymous_0)
FNDA:4,(anonymous_1)
FNDA:3,(anonymous_2)
FNDA:2,(anonymous_3)
FNDA:2,(anonymous_4)
FNDA:2,(anonymous_5)
FNDA:2,(anonymous_6)
DA:1,1
DA:2,1
DA:3,3
DA:4,8
DA:5,9
DA:6,1
DA:10,2
DA:12,1
DA:14,4
DA:15,4
DA:17,0
DA:19,4
DA:22,1
DA:23,3
DA:24,1
DA:25,2
DA:26,1
DA:27,1
DA:28,1
DA:30,1
DA:33,1
DA:34,2
DA:35,1
DA:37,1
DA:38,1
DA:42,1
DA:43,2
DA:44,1
DA:46,1
DA:50,1
DA:51,2
DA:52,1
DA:54,2
DA:58,1
LF:34
LH:33
BRDA:5,0,0,1
BRDA:5,0,1,8
BRDA:23,1,0,1
BRDA:23,1,1,2
BRDA:25,2,0,1
BRDA:25,2,1,1
BRDA:34,3,0,1
BRDA:34,3,1,1
BRDA:34,4,0,2
BRDA:34,4,1,1
BRDA:43,5,0,1
BRDA:43,5,1,1
BRDA:51,6,0,1
BRDA:51,6,1,1
BRF:14
BRH:14
end_of_record
